2025-05-12 15:22:06,507 - INFO - Запуск главного цикла получения и отправки уведомлений...
2025-05-12 15:22:08,866 - INFO - HTTP Request: GET https://translate.googleapis.com/translate_a/single?client=gtx&sl=en&tl=ru&hl=ru&dt=at&dt=bd&dt=ex&dt=ld&dt=md&dt=qca&dt=rw&dt=rm&dt=ss&dt=t&ie=UTF-8&oe=UTF-8&otf=1&ssel=0&tsel=0&tk=xxxx&q=GOES+%22greater+than+2.0+MeV%22+integral+electron+flux+first+crossed+the+threshold+of+1000+pfu+starting+at+2025-05-02T13%3A30Z "HTTP/2 200 OK"
2025-05-12 15:22:09,540 - INFO - HTTP Request: GET https://translate.googleapis.com/translate_a/single?client=gtx&sl=en&tl=ru&hl=ru&dt=at&dt=bd&dt=ex&dt=ld&dt=md&dt=qca&dt=rw&dt=rm&dt=ss&dt=t&ie=UTF-8&oe=UTF-8&otf=1&ssel=0&tsel=0&tk=xxxx&q=The+most+recent+crossing+of+the+1000+pfu+threshold+was+at+2025-05-09T10%3A05Z "HTTP/2 200 OK"
2025-05-12 15:22:10,834 - INFO - HTTP Request: GET https://translate.googleapis.com/translate_a/single?client=gtx&sl=en&tl=ru&hl=ru&dt=at&dt=bd&dt=ex&dt=ld&dt=md&dt=qca&dt=rw&dt=rm&dt=ss&dt=t&ie=UTF-8&oe=UTF-8&otf=1&ssel=0&tsel=0&tk=xxxx&q=The+elevated+energetic+electron+flux+levels+observed+since+2025-05-02T13%3A30Z+are+caused+by+two+consecutive+coronal+hole+high+speed+streams "HTTP/2 200 OK"
2025-05-12 15:22:12,062 - INFO - HTTP Request: GET https://translate.googleapis.com/translate_a/single?client=gtx&sl=en&tl=ru&hl=ru&dt=at&dt=bd&dt=ex&dt=ld&dt=md&dt=qca&dt=rw&dt=rm&dt=ss&dt=t&ie=UTF-8&oe=UTF-8&otf=1&ssel=0&tsel=0&tk=xxxx&q=which+arrived+on+2025-05-01+and+2025-05-04+respectively "HTTP/2 200 OK"
2025-05-12 15:22:13,492 - INFO - HTTP Request: GET https://translate.googleapis.com/translate_a/single?client=gtx&sl=en&tl=ru&hl=ru&dt=at&dt=bd&dt=ex&dt=ld&dt=md&dt=qca&dt=rw&dt=rm&dt=ss&dt=t&ie=UTF-8&oe=UTF-8&otf=1&ssel=0&tsel=0&tk=xxxx&q=reaching+maximum+sustained+speeds+of+over+800+km%2Fs+%28see+notifications+20250502-AL-001 "HTTP/2 200 OK"
2025-05-12 15:22:14,316 - INFO - HTTP Request: GET https://translate.googleapis.com/translate_a/single?client=gtx&sl=en&tl=ru&hl=ru&dt=at&dt=bd&dt=ex&dt=ld&dt=md&dt=qca&dt=rw&dt=rm&dt=ss&dt=t&ie=UTF-8&oe=UTF-8&otf=1&ssel=0&tsel=0&tk=xxxx&q=20250502-AL-002 "HTTP/2 200 OK"
2025-05-12 15:22:15,340 - INFO - HTTP Request: GET https://translate.googleapis.com/translate_a/single?client=gtx&sl=en&tl=ru&hl=ru&dt=at&dt=bd&dt=ex&dt=ld&dt=md&dt=qca&dt=rw&dt=rm&dt=ss&dt=t&ie=UTF-8&oe=UTF-8&otf=1&ssel=0&tsel=0&tk=xxxx&q=20250504-AL-001 "HTTP/2 200 OK"
2025-05-12 15:22:16,262 - INFO - HTTP Request: GET https://translate.googleapis.com/translate_a/single?client=gtx&sl=en&tl=ru&hl=ru&dt=at&dt=bd&dt=ex&dt=ld&dt=md&dt=qca&dt=rw&dt=rm&dt=ss&dt=t&ie=UTF-8&oe=UTF-8&otf=1&ssel=0&tsel=0&tk=xxxx&q=20250506-AL-001 "HTTP/2 200 OK"
2025-05-12 15:22:17,798 - INFO - HTTP Request: GET https://translate.googleapis.com/translate_a/single?client=gtx&sl=en&tl=ru&hl=ru&dt=at&dt=bd&dt=ex&dt=ld&dt=md&dt=qca&dt=rw&dt=rm&dt=ss&dt=t&ie=UTF-8&oe=UTF-8&otf=1&ssel=0&tsel=0&tk=xxxx&q=20250508-AL-001%29 "HTTP/2 200 OK"
2025-05-12 15:22:19,129 - INFO - HTTP Request: GET https://translate.googleapis.com/translate_a/single?client=gtx&sl=en&tl=ru&hl=ru&dt=at&dt=bd&dt=ex&dt=ld&dt=md&dt=qca&dt=rw&dt=rm&dt=ss&dt=t&ie=UTF-8&oe=UTF-8&otf=1&ssel=0&tsel=0&tk=xxxx&q=2025-05-09T14%3A24Z. "HTTP/2 200 OK"
2025-05-12 15:22:19,846 - INFO - HTTP Request: GET https://translate.googleapis.com/translate_a/single?client=gtx&sl=en&tl=ru&hl=ru&dt=at&dt=bd&dt=ex&dt=ld&dt=md&dt=qca&dt=rw&dt=rm&dt=ss&dt=t&ie=UTF-8&oe=UTF-8&otf=1&ssel=0&tsel=0&tk=xxxx&q=~726+km%2Fs. "HTTP/2 200 OK"
2025-05-12 15:22:20,870 - INFO - HTTP Request: GET https://translate.googleapis.com/translate_a/single?client=gtx&sl=en&tl=ru&hl=ru&dt=at&dt=bd&dt=ex&dt=ld&dt=md&dt=qca&dt=rw&dt=rm&dt=ss&dt=t&ie=UTF-8&oe=UTF-8&otf=1&ssel=0&tsel=0&tk=xxxx&q=131%2F12+in+Heliocentric+Earth+Equatorial+coordinates. "HTTP/2 200 OK"
2025-05-12 15:22:21,657 - INFO - HTTP Request: GET https://translate.googleapis.com/translate_a/single?client=gtx&sl=en&tl=ru&hl=ru&dt=at&dt=bd&dt=ex&dt=ld&dt=md&dt=qca&dt=rw&dt=rm&dt=ss&dt=t&ie=UTF-8&oe=UTF-8&otf=1&ssel=0&tsel=0&tk=xxxx&q=2025-05-09T14%3A24%3A00-CME-001 "HTTP/2 200 OK"
2025-05-12 15:22:23,020 - INFO - HTTP Request: GET https://translate.googleapis.com/translate_a/single?client=gtx&sl=en&tl=ru&hl=ru&dt=at&dt=bd&dt=ex&dt=ld&dt=md&dt=qca&dt=rw&dt=rm&dt=ss&dt=t&ie=UTF-8&oe=UTF-8&otf=1&ssel=0&tsel=0&tk=xxxx&q=+The+flank+of+the+CME+will+reach+BepiColombo+at+2025-05-10T16%3A00Z+%28plus+minus+7+hours%29. "HTTP/2 200 OK"
2025-05-12 15:22:24,557 - INFO - HTTP Request: GET https://translate.googleapis.com/translate_a/single?client=gtx&sl=en&tl=ru&hl=ru&dt=at&dt=bd&dt=ex&dt=ld&dt=md&dt=qca&dt=rw&dt=rm&dt=ss&dt=t&ie=UTF-8&oe=UTF-8&otf=1&ssel=0&tsel=0&tk=xxxx&q=2025-05-08T07%3A48Z. "HTTP/2 200 OK"
2025-05-12 15:22:25,684 - INFO - HTTP Request: GET https://translate.googleapis.com/translate_a/single?client=gtx&sl=en&tl=ru&hl=ru&dt=at&dt=bd&dt=ex&dt=ld&dt=md&dt=qca&dt=rw&dt=rm&dt=ss&dt=t&ie=UTF-8&oe=UTF-8&otf=1&ssel=0&tsel=0&tk=xxxx&q=~555+km%2Fs. "HTTP/2 200 OK"
2025-05-12 15:22:26,707 - INFO - HTTP Request: GET https://translate.googleapis.com/translate_a/single?client=gtx&sl=en&tl=ru&hl=ru&dt=at&dt=bd&dt=ex&dt=ld&dt=md&dt=qca&dt=rw&dt=rm&dt=ss&dt=t&ie=UTF-8&oe=UTF-8&otf=1&ssel=0&tsel=0&tk=xxxx&q=48%2F12+in+Heliocentric+Earth+Equatorial+coordinates. "HTTP/2 200 OK"
2025-05-12 15:22:27,831 - INFO - HTTP Request: GET https://translate.googleapis.com/translate_a/single?client=gtx&sl=en&tl=ru&hl=ru&dt=at&dt=bd&dt=ex&dt=ld&dt=md&dt=qca&dt=rw&dt=rm&dt=ss&dt=t&ie=UTF-8&oe=UTF-8&otf=1&ssel=0&tsel=0&tk=xxxx&q=2025-05-08T07%3A48%3A00-CME-001 "HTTP/2 200 OK"
2025-05-12 15:22:28,790 - INFO - HTTP Request: GET https://translate.googleapis.com/translate_a/single?client=gtx&sl=en&tl=ru&hl=ru&dt=at&dt=bd&dt=ex&dt=ld&dt=md&dt=qca&dt=rw&dt=rm&dt=ss&dt=t&ie=UTF-8&oe=UTF-8&otf=1&ssel=0&tsel=0&tk=xxxx&q=2025-05-08T10%3A24Z. "HTTP/2 200 OK"
2025-05-12 15:22:29,983 - INFO - HTTP Request: GET https://translate.googleapis.com/translate_a/single?client=gtx&sl=en&tl=ru&hl=ru&dt=at&dt=bd&dt=ex&dt=ld&dt=md&dt=qca&dt=rw&dt=rm&dt=ss&dt=t&ie=UTF-8&oe=UTF-8&otf=1&ssel=0&tsel=0&tk=xxxx&q=~820+km%2Fs. "HTTP/2 200 OK"
2025-05-12 15:22:30,803 - INFO - HTTP Request: GET https://translate.googleapis.com/translate_a/single?client=gtx&sl=en&tl=ru&hl=ru&dt=at&dt=bd&dt=ex&dt=ld&dt=md&dt=qca&dt=rw&dt=rm&dt=ss&dt=t&ie=UTF-8&oe=UTF-8&otf=1&ssel=0&tsel=0&tk=xxxx&q=22+deg. "HTTP/2 200 OK"
2025-05-12 15:22:31,826 - INFO - HTTP Request: GET https://translate.googleapis.com/translate_a/single?client=gtx&sl=en&tl=ru&hl=ru&dt=at&dt=bd&dt=ex&dt=ld&dt=md&dt=qca&dt=rw&dt=rm&dt=ss&dt=t&ie=UTF-8&oe=UTF-8&otf=1&ssel=0&tsel=0&tk=xxxx&q=56%2F11+in+Heliocentric+Earth+Equatorial+coordinates. "HTTP/2 200 OK"
2025-05-12 15:22:32,616 - INFO - HTTP Request: GET https://translate.googleapis.com/translate_a/single?client=gtx&sl=en&tl=ru&hl=ru&dt=at&dt=bd&dt=ex&dt=ld&dt=md&dt=qca&dt=rw&dt=rm&dt=ss&dt=t&ie=UTF-8&oe=UTF-8&otf=1&ssel=0&tsel=0&tk=xxxx&q=2025-05-08T10%3A24%3A00-CME-001 "HTTP/2 200 OK"
2025-05-12 15:22:33,465 - INFO - HTTP Request: GET https://translate.googleapis.com/translate_a/single?client=gtx&sl=en&tl=ru&hl=ru&dt=at&dt=bd&dt=ex&dt=ld&dt=md&dt=qca&dt=rw&dt=rm&dt=ss&dt=t&ie=UTF-8&oe=UTF-8&otf=1&ssel=0&tsel=0&tk=xxxx&q=2025-05-08T11%3A12Z. "HTTP/2 200 OK"
2025-05-12 15:22:34,259 - INFO - HTTP Request: GET https://translate.googleapis.com/translate_a/single?client=gtx&sl=en&tl=ru&hl=ru&dt=at&dt=bd&dt=ex&dt=ld&dt=md&dt=qca&dt=rw&dt=rm&dt=ss&dt=t&ie=UTF-8&oe=UTF-8&otf=1&ssel=0&tsel=0&tk=xxxx&q=~321+km%2Fs. "HTTP/2 200 OK"
2025-05-12 15:22:35,254 - INFO - HTTP Request: GET https://translate.googleapis.com/translate_a/single?client=gtx&sl=en&tl=ru&hl=ru&dt=at&dt=bd&dt=ex&dt=ld&dt=md&dt=qca&dt=rw&dt=rm&dt=ss&dt=t&ie=UTF-8&oe=UTF-8&otf=1&ssel=0&tsel=0&tk=xxxx&q=27+deg. "HTTP/2 200 OK"
2025-05-12 15:22:36,024 - INFO - HTTP Request: GET https://translate.googleapis.com/translate_a/single?client=gtx&sl=en&tl=ru&hl=ru&dt=at&dt=bd&dt=ex&dt=ld&dt=md&dt=qca&dt=rw&dt=rm&dt=ss&dt=t&ie=UTF-8&oe=UTF-8&otf=1&ssel=0&tsel=0&tk=xxxx&q=50%2F27+in+Heliocentric+Earth+Equatorial+coordinates. "HTTP/2 200 OK"
2025-05-12 15:22:36,700 - INFO - HTTP Request: GET https://translate.googleapis.com/translate_a/single?client=gtx&sl=en&tl=ru&hl=ru&dt=at&dt=bd&dt=ex&dt=ld&dt=md&dt=qca&dt=rw&dt=rm&dt=ss&dt=t&ie=UTF-8&oe=UTF-8&otf=1&ssel=0&tsel=0&tk=xxxx&q=2025-05-08T11%3A12%3A00-CME-001 "HTTP/2 200 OK"
2025-05-12 15:22:37,789 - INFO - HTTP Request: GET https://translate.googleapis.com/translate_a/single?client=gtx&sl=en&tl=ru&hl=ru&dt=at&dt=bd&dt=ex&dt=ld&dt=md&dt=qca&dt=rw&dt=rm&dt=ss&dt=t&ie=UTF-8&oe=UTF-8&otf=1&ssel=0&tsel=0&tk=xxxx&q=it+is+estimated+that+the+CMEs+may+impact+BepiColombo+%28glancing+blow%29 "HTTP/2 200 OK"
2025-05-12 15:22:38,781 - INFO - HTTP Request: GET https://translate.googleapis.com/translate_a/single?client=gtx&sl=en&tl=ru&hl=ru&dt=at&dt=bd&dt=ex&dt=ld&dt=md&dt=qca&dt=rw&dt=rm&dt=ss&dt=t&ie=UTF-8&oe=UTF-8&otf=1&ssel=0&tsel=0&tk=xxxx&q=and+STEREO+A+%28glancing+blow%29 "HTTP/2 200 OK"
2025-05-12 15:22:39,810 - INFO - HTTP Request: GET https://translate.googleapis.com/translate_a/single?client=gtx&sl=en&tl=ru&hl=ru&dt=at&dt=bd&dt=ex&dt=ld&dt=md&dt=qca&dt=rw&dt=rm&dt=ss&dt=t&ie=UTF-8&oe=UTF-8&otf=1&ssel=0&tsel=0&tk=xxxx&q=The+flank+of+the+CMEs+will+reach+BepiColombo+at+2025-05-09T08%3A00Z "HTTP/2 200 OK"
2025-05-12 15:22:40,878 - INFO - HTTP Request: GET https://translate.googleapis.com/translate_a/single?client=gtx&sl=en&tl=ru&hl=ru&dt=at&dt=bd&dt=ex&dt=ld&dt=md&dt=qca&dt=rw&dt=rm&dt=ss&dt=t&ie=UTF-8&oe=UTF-8&otf=1&ssel=0&tsel=0&tk=xxxx&q=Juice+at+2025-05-11T00%3A00Z "HTTP/2 200 OK"
2025-05-12 15:22:42,087 - INFO - HTTP Request: GET https://translate.googleapis.com/translate_a/single?client=gtx&sl=en&tl=ru&hl=ru&dt=at&dt=bd&dt=ex&dt=ld&dt=md&dt=qca&dt=rw&dt=rm&dt=ss&dt=t&ie=UTF-8&oe=UTF-8&otf=1&ssel=0&tsel=0&tk=xxxx&q=Parker+Solar+Probe+at+2025-05-10T08%3A00Z "HTTP/2 200 OK"
2025-05-12 15:22:42,915 - INFO - HTTP Request: GET https://translate.googleapis.com/translate_a/single?client=gtx&sl=en&tl=ru&hl=ru&dt=at&dt=bd&dt=ex&dt=ld&dt=md&dt=qca&dt=rw&dt=rm&dt=ss&dt=t&ie=UTF-8&oe=UTF-8&otf=1&ssel=0&tsel=0&tk=xxxx&q=and+STEREO+A+at+2025-05-10T22%3A00Z+%28plus+minus+7+hours%29. "HTTP/2 200 OK"
2025-05-12 15:22:44,436 - INFO - HTTP Request: GET https://translate.googleapis.com/translate_a/single?client=gtx&sl=en&tl=ru&hl=ru&dt=at&dt=bd&dt=ex&dt=ld&dt=md&dt=qca&dt=rw&dt=rm&dt=ss&dt=t&ie=UTF-8&oe=UTF-8&otf=1&ssel=0&tsel=0&tk=xxxx&q=The+CME+event+%282025-05-08T07%3A48%3A00-CME-001%29+is+associated+with+C3.6+flare+from+Active+Region+10479+%28N08W46%29+with+ID+2025-05-08T06%3A54%3A00-FLR-001+which+peaked+at+2025-05-08T07%3A18Z "HTTP/2 200 OK"
2025-05-12 15:22:45,651 - INFO - HTTP Request: GET https://translate.googleapis.com/translate_a/single?client=gtx&sl=en&tl=ru&hl=ru&dt=at&dt=bd&dt=ex&dt=ld&dt=md&dt=qca&dt=rw&dt=rm&dt=ss&dt=t&ie=UTF-8&oe=UTF-8&otf=1&ssel=0&tsel=0&tk=xxxx&q=while+the+CME+event+%282025-05-08T10%3A24%3A00-CME-001%29+is+associated+with+C1.6+flare+from+Active+Region+10479+%28N08W46%29+with+ID+2025-05-08T10%3A21%3A00-FLR-001+which+peaked+at+2025-05-08T10%3A24Z. "HTTP/2 200 OK"
2025-05-12 15:22:46,356 - INFO - HTTP Request: GET https://translate.googleapis.com/translate_a/single?client=gtx&sl=en&tl=ru&hl=ru&dt=at&dt=bd&dt=ex&dt=ld&dt=md&dt=qca&dt=rw&dt=rm&dt=ss&dt=t&ie=UTF-8&oe=UTF-8&otf=1&ssel=0&tsel=0&tk=xxxx&q=recently+crossing+the+threshold+of+1000+pfu+at+2025-05-08T05%3A35Z. "HTTP/2 200 OK"
2025-05-12 15:22:47,106 - INFO - HTTP Request: GET https://translate.googleapis.com/translate_a/single?client=gtx&sl=en&tl=ru&hl=ru&dt=at&dt=bd&dt=ex&dt=ld&dt=md&dt=qca&dt=rw&dt=rm&dt=ss&dt=t&ie=UTF-8&oe=UTF-8&otf=1&ssel=0&tsel=0&tk=xxxx&q=reaching+a+maximum+sustained+speed+of+approximately+845+km%2Fs+%28see+notifications+20250502-AL-001 "HTTP/2 200 OK"
2025-05-12 15:22:48,211 - INFO - HTTP Request: GET https://translate.googleapis.com/translate_a/single?client=gtx&sl=en&tl=ru&hl=ru&dt=at&dt=bd&dt=ex&dt=ld&dt=md&dt=qca&dt=rw&dt=rm&dt=ss&dt=t&ie=UTF-8&oe=UTF-8&otf=1&ssel=0&tsel=0&tk=xxxx&q=20250506-AL-001%29. "HTTP/2 200 OK"
2025-05-12 15:22:49,711 - INFO - HTTP Request: GET https://translate.googleapis.com/translate_a/single?client=gtx&sl=en&tl=ru&hl=ru&dt=at&dt=bd&dt=ex&dt=ld&dt=md&dt=qca&dt=rw&dt=rm&dt=ss&dt=t&ie=UTF-8&oe=UTF-8&otf=1&ssel=0&tsel=0&tk=xxxx&q=An+additional+coronal+hole+high+speed+stream+which+arrived+on+2025-05-04 "HTTP/2 200 OK"
2025-05-12 15:22:50,565 - INFO - HTTP Request: GET https://translate.googleapis.com/translate_a/single?client=gtx&sl=en&tl=ru&hl=ru&dt=at&dt=bd&dt=ex&dt=ld&dt=md&dt=qca&dt=rw&dt=rm&dt=ss&dt=t&ie=UTF-8&oe=UTF-8&otf=1&ssel=0&tsel=0&tk=xxxx&q=reaching+a+maximum+sustained+speed+of+approximately+800+km%2Fs "HTTP/2 200 OK"
2025-05-12 15:22:52,097 - INFO - HTTP Request: GET https://translate.googleapis.com/translate_a/single?client=gtx&sl=en&tl=ru&hl=ru&dt=at&dt=bd&dt=ex&dt=ld&dt=md&dt=qca&dt=rw&dt=rm&dt=ss&dt=t&ie=UTF-8&oe=UTF-8&otf=1&ssel=0&tsel=0&tk=xxxx&q=may+have+further+contributed+to+this+elevated+energetic+electron+flux "HTTP/2 200 OK"
2025-05-12 15:22:52,876 - INFO - HTTP Request: GET https://translate.googleapis.com/translate_a/single?client=gtx&sl=en&tl=ru&hl=ru&dt=at&dt=bd&dt=ex&dt=ld&dt=md&dt=qca&dt=rw&dt=rm&dt=ss&dt=t&ie=UTF-8&oe=UTF-8&otf=1&ssel=0&tsel=0&tk=xxxx&q=The+solar+wind+speed+observed+at+L1+is+currently+around+470+km%2Fs. "HTTP/2 200 OK"
2025-05-12 15:22:53,944 - INFO - HTTP Request: GET https://translate.googleapis.com/translate_a/single?client=gtx&sl=en&tl=ru&hl=ru&dt=at&dt=bd&dt=ex&dt=ld&dt=md&dt=qca&dt=rw&dt=rm&dt=ss&dt=t&ie=UTF-8&oe=UTF-8&otf=1&ssel=0&tsel=0&tk=xxxx&q=and+other+orbits+passing+through+or+in+the+vicinity+of+the+Earth%27s+outer+radiation+belt+can+be+impacted. "HTTP/2 200 OK"
2025-05-12 15:22:55,382 - INFO - HTTP Request: GET https://translate.googleapis.com/translate_a/single?client=gtx&sl=en&tl=ru&hl=ru&dt=at&dt=bd&dt=ex&dt=ld&dt=md&dt=qca&dt=rw&dt=rm&dt=ss&dt=t&ie=UTF-8&oe=UTF-8&otf=1&ssel=0&tsel=0&tk=xxxx&q=C-type+CME+detected+by+GOES+%2F+SOHO. "HTTP/2 200 OK"
2025-05-12 15:22:56,343 - INFO - HTTP Request: GET https://translate.googleapis.com/translate_a/single?client=gtx&sl=en&tl=ru&hl=ru&dt=at&dt=bd&dt=ex&dt=ld&dt=md&dt=qca&dt=rw&dt=rm&dt=ss&dt=t&ie=UTF-8&oe=UTF-8&otf=1&ssel=0&tsel=0&tk=xxxx&q=2025-05-06T18%3A24Z. "HTTP/2 200 OK"
2025-05-12 15:22:57,334 - INFO - HTTP Request: GET https://translate.googleapis.com/translate_a/single?client=gtx&sl=en&tl=ru&hl=ru&dt=at&dt=bd&dt=ex&dt=ld&dt=md&dt=qca&dt=rw&dt=rm&dt=ss&dt=t&ie=UTF-8&oe=UTF-8&otf=1&ssel=0&tsel=0&tk=xxxx&q=~767+km%2Fs. "HTTP/2 200 OK"
2025-05-12 15:22:58,143 - INFO - HTTP Request: GET https://translate.googleapis.com/translate_a/single?client=gtx&sl=en&tl=ru&hl=ru&dt=at&dt=bd&dt=ex&dt=ld&dt=md&dt=qca&dt=rw&dt=rm&dt=ss&dt=t&ie=UTF-8&oe=UTF-8&otf=1&ssel=0&tsel=0&tk=xxxx&q=10%2F35+in+Heliocentric+Earth+Equatorial+coordinates. "HTTP/2 200 OK"
2025-05-12 15:22:59,373 - INFO - HTTP Request: GET https://translate.googleapis.com/translate_a/single?client=gtx&sl=en&tl=ru&hl=ru&dt=at&dt=bd&dt=ex&dt=ld&dt=md&dt=qca&dt=rw&dt=rm&dt=ss&dt=t&ie=UTF-8&oe=UTF-8&otf=1&ssel=0&tsel=0&tk=xxxx&q=2025-05-06T18%3A24%3A00-CME-001 "HTTP/2 200 OK"
2025-05-12 15:23:00,398 - INFO - HTTP Request: GET https://translate.googleapis.com/translate_a/single?client=gtx&sl=en&tl=ru&hl=ru&dt=at&dt=bd&dt=ex&dt=ld&dt=md&dt=qca&dt=rw&dt=rm&dt=ss&dt=t&ie=UTF-8&oe=UTF-8&otf=1&ssel=0&tsel=0&tk=xxxx&q=it+is+estimated+that+this+CME+have+a+glancing+blow+at+NASA+missions+near+Earth "HTTP/2 200 OK"
2025-05-12 15:23:00,986 - INFO - HTTP Request: GET https://translate.googleapis.com/translate_a/single?client=gtx&sl=en&tl=ru&hl=ru&dt=at&dt=bd&dt=ex&dt=ld&dt=md&dt=qca&dt=rw&dt=rm&dt=ss&dt=t&ie=UTF-8&oe=UTF-8&otf=1&ssel=0&tsel=0&tk=xxxx&q=Simulations+indicate+that+the+flank+of+the+CME+will+reach+NASA+missions+near+Earth+at+about+2025-05-10T02%3A00Z+%28plus+minus+7+hours%29 "HTTP/2 200 OK"
2025-05-12 15:23:01,784 - INFO - HTTP Request: GET https://translate.googleapis.com/translate_a/single?client=gtx&sl=en&tl=ru&hl=ru&dt=at&dt=bd&dt=ex&dt=ld&dt=md&dt=qca&dt=rw&dt=rm&dt=ss&dt=t&ie=UTF-8&oe=UTF-8&otf=1&ssel=0&tsel=0&tk=xxxx&q=The+roughly+estimated+expected+range+of+the+maximum+Kp+index+is+3-4+%28below+minor%29. "HTTP/2 200 OK"
2025-05-12 15:23:02,837 - INFO - HTTP Request: GET https://translate.googleapis.com/translate_a/single?client=gtx&sl=en&tl=ru&hl=ru&dt=at&dt=bd&dt=ex&dt=ld&dt=md&dt=qca&dt=rw&dt=rm&dt=ss&dt=t&ie=UTF-8&oe=UTF-8&otf=1&ssel=0&tsel=0&tk=xxxx&q=2025-05-06T16%3A55Z. "HTTP/2 200 OK"
2025-05-12 15:23:03,980 - INFO - HTTP Request: GET https://translate.googleapis.com/translate_a/single?client=gtx&sl=en&tl=ru&hl=ru&dt=at&dt=bd&dt=ex&dt=ld&dt=md&dt=qca&dt=rw&dt=rm&dt=ss&dt=t&ie=UTF-8&oe=UTF-8&otf=1&ssel=0&tsel=0&tk=xxxx&q=-9%2F-30+in+Heliocentric+Earth+Equatorial+coordinates. "HTTP/2 200 OK"
2025-05-12 15:23:05,171 - INFO - HTTP Request: GET https://translate.googleapis.com/translate_a/single?client=gtx&sl=en&tl=ru&hl=ru&dt=at&dt=bd&dt=ex&dt=ld&dt=md&dt=qca&dt=rw&dt=rm&dt=ss&dt=t&ie=UTF-8&oe=UTF-8&otf=1&ssel=0&tsel=0&tk=xxxx&q=2025-05-06T16%3A55%3A00-CME-001 "HTTP/2 200 OK"
2025-05-12 15:23:05,884 - INFO - HTTP Request: GET https://translate.googleapis.com/translate_a/single?client=gtx&sl=en&tl=ru&hl=ru&dt=at&dt=bd&dt=ex&dt=ld&dt=md&dt=qca&dt=rw&dt=rm&dt=ss&dt=t&ie=UTF-8&oe=UTF-8&otf=1&ssel=0&tsel=0&tk=xxxx&q=Simulations+indicate+that+the+northernmost+flank+of+the+CME+may+reach+NASA+missions+near+Earth+at+about+2025-05-09T08%3A00Z+%28plus+minus+7+hours%29 "HTTP/2 200 OK"
2025-05-12 15:23:06,694 - INFO - HTTP Request: GET https://translate.googleapis.com/translate_a/single?client=gtx&sl=en&tl=ru&hl=ru&dt=at&dt=bd&dt=ex&dt=ld&dt=md&dt=qca&dt=rw&dt=rm&dt=ss&dt=t&ie=UTF-8&oe=UTF-8&otf=1&ssel=0&tsel=0&tk=xxxx&q=NASA+spacecraft+located+near+the+vicinity+of+Earth+may+be+affected "HTTP/2 200 OK"
2025-05-12 15:23:07,668 - INFO - HTTP Request: GET https://translate.googleapis.com/translate_a/single?client=gtx&sl=en&tl=ru&hl=ru&dt=at&dt=bd&dt=ex&dt=ld&dt=md&dt=qca&dt=rw&dt=rm&dt=ss&dt=t&ie=UTF-8&oe=UTF-8&otf=1&ssel=0&tsel=0&tk=xxxx&q=+Updates+on+this+event+will+be+provided+when+available. "HTTP/2 200 OK"
2025-05-12 15:23:08,598 - INFO - HTTP Request: GET https://translate.googleapis.com/translate_a/single?client=gtx&sl=en&tl=ru&hl=ru&dt=at&dt=bd&dt=ex&dt=ld&dt=md&dt=qca&dt=rw&dt=rm&dt=ss&dt=t&ie=UTF-8&oe=UTF-8&otf=1&ssel=0&tsel=0&tk=xxxx&q=recently+crossing+the+threshold+of+1000+pfu+at+2025-05-06T08%3A25Z. "HTTP/2 200 OK"
2025-05-12 15:23:09,112 - INFO - HTTP Request: GET https://translate.googleapis.com/translate_a/single?client=gtx&sl=en&tl=ru&hl=ru&dt=at&dt=bd&dt=ex&dt=ld&dt=md&dt=qca&dt=rw&dt=rm&dt=ss&dt=t&ie=UTF-8&oe=UTF-8&otf=1&ssel=0&tsel=0&tk=xxxx&q=20250504-AL-001%29. "HTTP/2 200 OK"
2025-05-12 15:23:10,330 - INFO - HTTP Request: GET https://translate.googleapis.com/translate_a/single?client=gtx&sl=en&tl=ru&hl=ru&dt=at&dt=bd&dt=ex&dt=ld&dt=md&dt=qca&dt=rw&dt=rm&dt=ss&dt=t&ie=UTF-8&oe=UTF-8&otf=1&ssel=0&tsel=0&tk=xxxx&q=may+further+contribute+to+this+elevated+energetic+electron+flux "HTTP/2 200 OK"
2025-05-12 15:23:11,251 - INFO - HTTP Request: GET https://translate.googleapis.com/translate_a/single?client=gtx&sl=en&tl=ru&hl=ru&dt=at&dt=bd&dt=ex&dt=ld&dt=md&dt=qca&dt=rw&dt=rm&dt=ss&dt=t&ie=UTF-8&oe=UTF-8&otf=1&ssel=0&tsel=0&tk=xxxx&q=The+solar+wind+speed+observed+at+L1+is+currently+around+620+km%2Fs. "HTTP/2 200 OK"
2025-05-12 15:23:11,650 - INFO - HTTP Request: POST https://api.telegram.org/bot8121913581:AAEcplN7VQ9r2uvAelVbCegaxCQPusdFBgk/sendMessage "HTTP/1.1 200 OK"
2025-05-12 15:23:11,651 - INFO - Message delivered into Telegram. Chat ID: -1002514102114
2025-05-12 15:23:11,669 - INFO - Отправлено событие: 20250510-AL-001
2025-05-12 15:23:11,873 - INFO - HTTP Request: POST https://api.telegram.org/bot8121913581:AAEcplN7VQ9r2uvAelVbCegaxCQPusdFBgk/sendMessage "HTTP/1.1 200 OK"
2025-05-12 15:23:11,874 - INFO - Message delivered into Telegram. Chat ID: -1002514102114
2025-05-12 15:23:11,874 - INFO - Отправлено событие: 20250509-AL-001
2025-05-12 15:23:12,053 - INFO - HTTP Request: POST https://api.telegram.org/bot8121913581:AAEcplN7VQ9r2uvAelVbCegaxCQPusdFBgk/sendMessage "HTTP/1.1 200 OK"
2025-05-12 15:23:12,054 - INFO - Message delivered into Telegram. Chat ID: -1002514102114
2025-05-12 15:23:12,054 - INFO - Отправлено событие: 20250508-AL-002
2025-05-12 15:23:12,206 - INFO - HTTP Request: POST https://api.telegram.org/bot8121913581:AAEcplN7VQ9r2uvAelVbCegaxCQPusdFBgk/sendMessage "HTTP/1.1 200 OK"
2025-05-12 15:23:12,206 - INFO - Message delivered into Telegram. Chat ID: -1002514102114
2025-05-12 15:23:12,207 - INFO - Отправлено событие: 20250508-AL-001
2025-05-12 15:23:12,342 - INFO - HTTP Request: POST https://api.telegram.org/bot8121913581:AAEcplN7VQ9r2uvAelVbCegaxCQPusdFBgk/sendMessage "HTTP/1.1 200 OK"
2025-05-12 15:23:12,343 - INFO - Message delivered into Telegram. Chat ID: -1002514102114
2025-05-12 15:23:12,343 - INFO - Отправлено событие: 20250507-AL-001
2025-05-12 15:23:17,360 - ERROR - send_notification error: Timed out
2025-05-12 15:23:17,361 - INFO - Отправлено событие: 20250506-AL-003
2025-05-12 15:23:19,648 - INFO - HTTP Request: POST https://api.telegram.org/bot8121913581:AAEcplN7VQ9r2uvAelVbCegaxCQPusdFBgk/sendMessage "HTTP/1.1 200 OK"
2025-05-12 15:23:19,649 - INFO - Message delivered into Telegram. Chat ID: -1002514102114
2025-05-12 15:23:19,649 - INFO - Отправлено событие: 20250506-AL-002
2025-05-12 15:23:19,855 - INFO - HTTP Request: POST https://api.telegram.org/bot8121913581:AAEcplN7VQ9r2uvAelVbCegaxCQPusdFBgk/sendMessage "HTTP/1.1 200 OK"
2025-05-12 15:23:19,856 - INFO - Message delivered into Telegram. Chat ID: -1002514102114
2025-05-12 15:23:19,856 - INFO - Отправлено событие: 20250506-AL-001
2025-05-12 15:23:20,034 - INFO - HTTP Request: POST https://api.telegram.org/bot8121913581:AAEcplN7VQ9r2uvAelVbCegaxCQPusdFBgk/sendMessage "HTTP/1.1 200 OK"
2025-05-12 15:23:20,035 - INFO - Message delivered into Telegram. Chat ID: -1002514102114
2025-05-12 15:23:20,035 - INFO - Отправлено событие: 20250505-AL-002
2025-05-12 15:23:20,211 - INFO - HTTP Request: POST https://api.telegram.org/bot8121913581:AAEcplN7VQ9r2uvAelVbCegaxCQPusdFBgk/sendMessage "HTTP/1.1 200 OK"
2025-05-12 15:23:20,212 - INFO - Message delivered into Telegram. Chat ID: -1002514102114
2025-05-12 15:23:20,213 - INFO - Отправлено событие: 20250505-AL-001
2025-05-12 15:23:20,213 - INFO - Завершение цикла.
